Determining if the pthread_create exist failed with the following output:
Change Dir: /home/swetang/final_project_ws/build/CMakeFiles/CMakeTmp

Run Build Command:"/usr/bin/make" "cmTC_decc8/fast"
/usr/bin/make -f CMakeFiles/cmTC_decc8.dir/build.make CMakeFiles/cmTC_decc8.dir/build
make[1]: Entering directory '/home/swetang/final_project_ws/build/CMakeFiles/CMakeTmp'
Building C object CMakeFiles/cmTC_decc8.dir/CheckSymbolExists.c.o
/usr/bin/cc    -o CMakeFiles/cmTC_decc8.dir/CheckSymbolExists.c.o   -c /home/swetang/final_project_ws/build/CMakeFiles/CMakeTmp/CheckSymbolExists.c
Linking C executable cmTC_decc8
/usr/bin/cmake -E cmake_link_script CMakeFiles/cmTC_decc8.dir/link.txt --verbose=1
/usr/bin/cc      -rdynamic CMakeFiles/cmTC_decc8.dir/CheckSymbolExists.c.o  -o cmTC_decc8 
CMakeFiles/cmTC_decc8.dir/CheckSymbolExists.c.o: In function `main':
CheckSymbolExists.c:(.text+0x1b): undefined reference to `pthread_create'
collect2: error: ld returned 1 exit status
CMakeFiles/cmTC_decc8.dir/build.make:97: recipe for target 'cmTC_decc8' failed
make[1]: *** [cmTC_decc8] Error 1
make[1]: Leaving directory '/home/swetang/final_project_ws/build/CMakeFiles/CMakeTmp'
Makefile:126: recipe for target 'cmTC_decc8/fast' failed
make: *** [cmTC_decc8/fast] Error 2

File /home/swetang/final_project_ws/build/CMakeFiles/CMakeTmp/CheckSymbolExists.c:
/* */
#include <pthread.h>

int main(int argc, char** argv)
{
  (void)argv;
#ifndef pthread_create
  return ((int*)(&pthread_create))[argc];
#else
  (void)argc;
  return 0;
#endif
}

Determining if the function pthread_create exists in the pthreads failed with the following output:
Change Dir: /home/swetang/final_project_ws/build/CMakeFiles/CMakeTmp

Run Build Command:"/usr/bin/make" "cmTC_05d9d/fast"
/usr/bin/make -f CMakeFiles/cmTC_05d9d.dir/build.make CMakeFiles/cmTC_05d9d.dir/build
make[1]: Entering directory '/home/swetang/final_project_ws/build/CMakeFiles/CMakeTmp'
Building C object CMakeFiles/cmTC_05d9d.dir/CheckFunctionExists.c.o
/usr/bin/cc   -DCHECK_FUNCTION_EXISTS=pthread_create   -o CMakeFiles/cmTC_05d9d.dir/CheckFunctionExists.c.o   -c /usr/share/cmake-3.10/Modules/CheckFunctionExists.c
Linking C executable cmTC_05d9d
/usr/bin/cmake -E cmake_link_script CMakeFiles/cmTC_05d9d.dir/link.txt --verbose=1
/usr/bin/cc  -DCHECK_FUNCTION_EXISTS=pthread_create    -rdynamic CMakeFiles/cmTC_05d9d.dir/CheckFunctionExists.c.o  -o cmTC_05d9d -lpthreads 
/usr/bin/ld: cannot find -lpthreads
collect2: error: ld returned 1 exit status
CMakeFiles/cmTC_05d9d.dir/build.make:97: recipe for target 'cmTC_05d9d' failed
make[1]: *** [cmTC_05d9d] Error 1
make[1]: Leaving directory '/home/swetang/final_project_ws/build/CMakeFiles/CMakeTmp'
Makefile:126: recipe for target 'cmTC_05d9d/fast' failed
make: *** [cmTC_05d9d/fast] Error 2


